0 info it worked if it ends with ok
1 verbose cli [ 'C:\\Program Files\\nodejs\\node.exe',
1 verbose cli   'C:\\Program Files\\nodejs\\node_modules\\npm\\bin\\npm-cli.js',
1 verbose cli   'run',
1 verbose cli   'dev' ]
2 info using npm@3.10.10
3 info using node@v6.10.1
4 verbose run-script [ 'predev', 'dev', 'postdev' ]
5 info lifecycle offshore-air@0.1.1~predev: offshore-air@0.1.1
6 silly lifecycle offshore-air@0.1.1~predev: no script for predev, continuing
7 info lifecycle offshore-air@0.1.1~dev: offshore-air@0.1.1
8 verbose lifecycle offshore-air@0.1.1~dev: unsafe-perm in lifecycle true
9 verbose lifecycle offshore-air@0.1.1~dev: PATH: C:\Program Files\nodejs\node_modules\npm\bin\node-gyp-bin;C:\Users\lyons\Documents\GitHub\OSAI\node_modules\.bin;C:\Users\lyons\AppData\Local\GitHub\PortableGit_f02737a78695063deace08e96d5042710d3e32db\cmd;C:\Users\lyons\AppData\Local\GitHub\PortableGit_f02737a78695063deace08e96d5042710d3e32db\usr\bin;C:\Users\lyons\AppData\Local\GitHub\PortableGit_f02737a78695063deace08e96d5042710d3e32db\usr\share\git-tfs;C:\Users\lyons\AppData\Local\Apps\2.0\LLLJRRTT.D6B\HH4C5KJJ.NN4\gith..tion_317444273a93ac29_0003.0003_5794af8169eeff14;C:\Users\lyons\AppData\Local\GitHub\lfs-amd64_1.5.5;C:\Python36\Scripts\;C:\Python36\;C:\ProgramData\Oracle\Java\javapath;C:\Program Files (x86)\ActiveState Komodo Edit 10\;C:\Windows\system32;C:\Windows;C:\Windows\System32\Wbem;C:\Windows\System32\WindowsPowerShell\v1.0\;C:\Program Files (x86)\MiKTeX 2.9\miktex\bin\;C:\WINDOWS\system32;C:\WINDOWS;C:\WINDOWS\System32\Wbem;C:\WINDOWS\System32\WindowsPowerShell\v1.0\;C:\Program Files (x86)\PharosSystems\Core;C:\apache-ant-1.9.7\bin;C:\WINDOWS\system32\config\systemprofile\.dnx\bin;C:\Program Files\Microsoft DNX\Dnvm\;C:\Program Files\Microsoft SQL Server\130\Tools\Binn\;C:\Program Files (x86)\Windows Kits\8.1\Windows Performance Toolkit\;C:\HashiCorp\Vagrant\bin;C:\Program Files\nodejs\;C:\Program Files\CMake\bin;C:\Ruby23\bin;C:\Users\lyons\AppData\Local\atom\bin;C:\Users\lyons\AppData\Local\Microsoft\WindowsApps;C:\ffmpeg\bin;C:\minishift;C:\Users\lyons\AppData\Roaming\npm;C:\Program Files\MongoDB\Server\3.4\bin;C:\Program Files\Heroku\bin;C:\Program Files\PostgreSQL\9.6\bin;C:\Python27;C:\Users\lyons\AppData\Local\GitHub\PortableGit_f02737a78695063deace08e96d5042710d3e32db\cmd;;C:\Program Files (x86)\MSBuild\14.0\bin\;C:\Program Files (x86)\Microsoft SDKs\Windows\v8.1A\bin\NETFX 4.5.1 Tools\x64
10 verbose lifecycle offshore-air@0.1.1~dev: CWD: C:\Users\lyons\Documents\GitHub\OSAI
11 silly lifecycle offshore-air@0.1.1~dev: Args: [ '/d /s /c', 'nodemon server.js' ]
12 silly lifecycle offshore-air@0.1.1~dev: Returned: code: 1  signal: null
13 info lifecycle offshore-air@0.1.1~dev: Failed to exec dev script
14 verbose stack Error: offshore-air@0.1.1 dev: `nodemon server.js`
14 verbose stack Exit status 1
14 verbose stack     at EventEmitter.<anonymous> (C:\Program Files\nodejs\node_modules\npm\lib\utils\lifecycle.js:255:16)
14 verbose stack     at emitTwo (events.js:106:13)
14 verbose stack     at EventEmitter.emit (events.js:191:7)
14 verbose stack     at ChildProcess.<anonymous> (C:\Program Files\nodejs\node_modules\npm\lib\utils\spawn.js:40:14)
14 verbose stack     at emitTwo (events.js:106:13)
14 verbose stack     at ChildProcess.emit (events.js:191:7)
14 verbose stack     at maybeClose (internal/child_process.js:886:16)
14 verbose stack     at Process.ChildProcess._handle.onexit (internal/child_process.js:226:5)
15 verbose pkgid offshore-air@0.1.1
16 verbose cwd C:\Users\lyons\Documents\GitHub\OSAI
17 error Windows_NT 10.0.16299
18 error argv "C:\\Program Files\\nodejs\\node.exe" "C:\\Program Files\\nodejs\\node_modules\\npm\\bin\\npm-cli.js" "run" "dev"
19 error node v6.10.1
20 error npm  v3.10.10
21 error code ELIFECYCLE
22 error offshore-air@0.1.1 dev: `nodemon server.js`
22 error Exit status 1
23 error Failed at the offshore-air@0.1.1 dev script 'nodemon server.js'.
23 error Make sure you have the latest version of node.js and npm installed.
23 error If you do, this is most likely a problem with the offshore-air package,
23 error not with npm itself.
23 error Tell the author that this fails on your system:
23 error     nodemon server.js
23 error You can get information on how to open an issue for this project with:
23 error     npm bugs offshore-air
23 error Or if that isn't available, you can get their info via:
23 error     npm owner ls offshore-air
23 error There is likely additional logging output above.
24 verbose exit [ 1, true ]
